# JRE version: OpenJDK Runtime Environment (17.0.7) (build 17.0.7+0-b2043.56-10550314)
# Java VM: OpenJDK 64-Bit Server VM (17.0.7+0-b2043.56-10550314, mixed mode, tiered, compressed oops, compressed class ptrs, g1 gc, windows-amd64)
GC Precious Log:
 CPUs: 8 total, 8 available
 Memory: 8023M
 Large Page Support: Disabled
 NUMA Support: Disabled
 Compressed Oops: Enabled (32-bit)
 Heap Region Size: 1M
 Heap Min Capacity: 8M
 Heap Initial Capacity: 126M
 Heap Max Capacity: 2G
 Pre-touch: Disabled
 Parallel Workers: 8
 Concurrent Workers: 2
 Concurrent Refinement Workers: 8
 Periodic GC: Disabled
Heap:
 garbage-first heap   total 275456K, used 136066K [0x0000000080000000, 0x0000000100000000)
  region size 1024K, 2 young (2048K), 2 survivors (2048K)
 Metaspace       used 128132K, committed 129216K, reserved 1179648K
  class space    used 17634K, committed 18176K, reserved 1048576K
GC Heap History (20 events):
Event: 265.877 GC heap after
{Heap after GC invocations=62 (full 0):
 garbage-first heap   total 258048K, used 134023K [0x0000000080000000, 0x0000000100000000)
  region size 1024K, 2 young (2048K), 2 survivors (2048K)
 Metaspace       used 124690K, committed 125568K, reserved 1179648K
  class space    used 17357K, committed 17792K, reserved 1048576K
}
Event: 266.737 GC heap before
{Heap before GC invocations=62 (full 0):
 garbage-first heap   total 258048K, used 158599K [0x0000000080000000, 0x0000000100000000)
  region size 1024K, 28 young (28672K), 2 survivors (2048K)
 Metaspace       used 126252K, committed 127168K, reserved 1179648K
  class space    used 17563K, committed 17984K, reserved 1048576K
}
Event: 266.744 GC heap after
{Heap after GC invocations=63 (full 0):
 garbage-first heap   total 258048K, used 134607K [0x0000000080000000, 0x0000000100000000)
  region size 1024K, 3 young (3072K), 3 survivors (3072K)
 Metaspace       used 126252K, committed 127168K, reserved 1179648K
  class space    used 17563K, committed 17984K, reserved 1048576K
}
Event: 452.616 GC heap before
{Heap before GC invocations=64 (full 0):
 garbage-first heap   total 258048K, used 227791K [0x0000000080000000, 0x0000000100000000)
  region size 1024K, 82 young (83968K), 3 survivors (3072K)
 Metaspace       used 126786K, committed 127744K, reserved 1179648K
  class space    used 17610K, committed 18048K, reserved 1048576K
}
Event: 452.736 GC heap after
{Heap after GC invocations=65 (full 0):
 garbage-first heap   total 258048K, used 142084K [0x0000000080000000, 0x0000000100000000)
  region size 1024K, 10 young (10240K), 10 survivors (10240K)
 Metaspace       used 126786K, committed 127744K, reserved 1179648K
  class space    used 17610K, committed 18048K, reserved 1048576K
}
Event: 452.790 GC heap before
{Heap before GC invocations=65 (full 0):
 garbage-first heap   total 258048K, used 144132K [0x0000000080000000, 0x0000000100000000)
  region size 1024K, 12 young (12288K), 10 survivors (10240K)
 Metaspace       used 126800K, committed 127744K, reserved 1179648K
  class space    used 17610K, committed 18048K, reserved 1048576K
}
Event: 452.933 GC heap after
{Heap after GC invocations=66 (full 0):
 garbage-first heap   total 258048K, used 141818K [0x0000000080000000, 0x0000000100000000)
  region size 1024K, 2 young (2048K), 2 survivors (2048K)
 Metaspace       used 126800K, committed 127744K, reserved 1179648K
  class space    used 17610K, committed 18048K, reserved 1048576K
}
Event: 460.702 GC heap before
{Heap before GC invocations=66 (full 0):
 garbage-first heap   total 258048K, used 200186K [0x0000000080000000, 0x0000000100000000)
  region size 1024K, 61 young (62464K), 2 survivors (2048K)
 Metaspace       used 127188K, committed 128192K, reserved 1179648K
  class space    used 17635K, committed 18112K, reserved 1048576K
}
Event: 460.743 GC heap after
{Heap after GC invocations=67 (full 0):
 garbage-first heap   total 258048K, used 143488K [0x0000000080000000, 0x0000000100000000)
  region size 1024K, 3 young (3072K), 3 survivors (3072K)
 Metaspace       used 127188K, committed 128192K, reserved 1179648K
  class space    used 17635K, committed 18112K, reserved 1048576K
}
Event: 2943.836 GC heap before
{Heap before GC invocations=68 (full 0):
 garbage-first heap   total 273408K, used 226432K [0x0000000080000000, 0x0000000100000000)
  region size 1024K, 73 young (74752K), 3 survivors (3072K)
 Metaspace       used 127469K, committed 128448K, reserved 1179648K
  class space    used 17644K, committed 18112K, reserved 1048576K
}
Event: 2944.068 GC heap after
{Heap after GC invocations=69 (full 0):
 garbage-first heap   total 273408K, used 143162K [0x0000000080000000, 0x0000000100000000)
  region size 1024K, 4 young (4096K), 4 survivors (4096K)
 Metaspace       used 127469K, committed 128448K, reserved 1179648K
  class space    used 17644K, committed 18112K, reserved 1048576K
}
Event: 2944.941 GC heap before
{Heap before GC invocations=69 (full 0):
 garbage-first heap   total 273408K, used 152378K [0x0000000080000000, 0x0000000100000000)
  region size 1024K, 13 young (13312K), 4 survivors (4096K)
 Metaspace       used 127472K, committed 128448K, reserved 1179648K
  class space    used 17645K, committed 18112K, reserved 1048576K
}
Event: 2944.986 GC heap after
{Heap after GC invocations=70 (full 0):
 garbage-first heap   total 273408K, used 139936K [0x0000000080000000, 0x0000000100000000)
  region size 1024K, 2 young (2048K), 2 survivors (2048K)
 Metaspace       used 127472K, committed 128448K, reserved 1179648K
  class space    used 17645K, committed 18112K, reserved 1048576K
}
Event: 2967.355 GC heap before
{Heap before GC invocations=70 (full 0):
 garbage-first heap   total 273408K, used 229024K [0x0000000080000000, 0x0000000100000000)
  region size 1024K, 90 young (92160K), 2 survivors (2048K)
 Metaspace       used 128056K, committed 129088K, reserved 1179648K
  class space    used 17685K, committed 18176K, reserved 1048576K
}
Event: 2967.555 GC heap after
{Heap after GC invocations=71 (full 0):
 garbage-first heap   total 273408K, used 147687K [0x0000000080000000, 0x0000000100000000)
  region size 1024K, 10 young (10240K), 10 survivors (10240K)
 Metaspace       used 128056K, committed 129088K, reserved 1179648K
  class space    used 17685K, committed 18176K, reserved 1048576K
}
Event: 3175.272 GC heap before
{Heap before GC invocations=72 (full 0):
 garbage-first heap   total 275456K, used 230631K [0x0000000080000000, 0x0000000100000000)
  region size 1024K, 80 young (81920K), 10 survivors (10240K)
 Metaspace       used 128017K, committed 129216K, reserved 1179648K
  class space    used 17634K, committed 18176K, reserved 1048576K
}
Event: 3175.450 GC heap after
{Heap after GC invocations=73 (full 0):
 garbage-first heap   total 275456K, used 150111K [0x0000000080000000, 0x0000000100000000)
  region size 1024K, 5 young (5120K), 5 survivors (5120K)
 Metaspace       used 128017K, committed 129216K, reserved 1179648K
  class space    used 17634K, committed 18176K, reserved 1048576K
}
Event: 3175.967 GC heap before
{Heap before GC invocations=73 (full 0):
 garbage-first heap   total 275456K, used 158303K [0x0000000080000000, 0x0000000100000000)
  region size 1024K, 13 young (13312K), 5 survivors (5120K)
 Metaspace       used 128068K, committed 129216K, reserved 1179648K
  class space    used 17634K, committed 18176K, reserved 1048576K
}
Event: 3176.140 GC heap after
{Heap after GC invocations=74 (full 0):
 garbage-first heap   total 275456K, used 137109K [0x0000000080000000, 0x0000000100000000)
  region size 1024K, 2 young (2048K), 2 survivors (2048K)
 Metaspace       used 128068K, committed 129216K, reserved 1179648K
  class space    used 17634K, committed 18176K, reserved 1048576K
}
Event: 3177.029 GC heap before
{Heap before GC invocations=74 (full 0):
 garbage-first heap   total 275456K, used 148373K [0x0000000080000000, 0x0000000100000000)
  region size 1024K, 13 young (13312K), 2 survivors (2048K)
 Metaspace       used 128132K, committed 129216K, reserved 1179648K
  class space    used 17634K, committed 18176K, reserved 1048576K
}

